CMPE 258/Assignment 5/Part 2/Audio Classification/app/build/intermediates/manifest_merge_blame_file/debug/manifest-merger-blame-debug-report.txt
1<?xml version="1.0" encoding="utf-8"?>
2<manifest xmlns:android="http://schemas.android.com/apk/res/android"
3    package="com.example.mysoundclassification"
4    android:versionCode="1"
5    android:versionName="1.0" >
6
7    <uses-sdk
8        android:minSdkVersion="23"
8-->src\main\AndroidManifest.xml
9        android:targetSdkVersion="30" />
9-->src\main\AndroidManifest.xml
10
11    <uses-permission android:name="android.permission.RECORD_AUDIO" />
11-->src\main\AndroidManifest.xml:6:5-71
11-->src\main\AndroidManifest.xml:6:22-68
12    <uses-permission android:name="android.permission.WRITE_EXTERNAL_STORAGE" />
13    <uses-permission android:name="android.permission.READ_PHONE_STATE" />
14    <uses-permission android:name="android.permission.READ_EXTERNAL_STORAGE" />
15
16    <application
16-->src\main\AndroidManifest.xml:8:5-22:19
17        android:allowBackup="true"
17-->src\main\AndroidManifest.xml:9:9-35
18        android:appComponentFactory="androidx.core.app.CoreComponentFactory"
18-->[androidx.core:core:1.3.2] AndroidManifest.xml:24:18-86
19        android:debuggable="true"
20        android:extractNativeLibs="false"
21        android:icon="@mipmap/ic_launcher"
21-->src\main\AndroidManifest.xml:10:9-43
22        android:label="@string/app_name"
22-->src\main\AndroidManifest.xml:11:9-41
23        android:roundIcon="@mipmap/ic_launcher_round"
23-->src\main\AndroidManifest.xml:12:9-54
24        android:supportsRtl="true"
24-->src\main\AndroidManifest.xml:13:9-35
25        android:testOnly="true"
26        android:theme="@style/Theme.MySoundClassification" >
26-->src\main\AndroidManifest.xml:14:9-59
27        <activity android:name="com.example.mysoundclassification.MainActivity" >
27-->src\main\AndroidManifest.xml:15:9-21:20
27-->src\main\AndroidManifest.xml:15:19-47
28            <intent-filter>
28-->src\main\AndroidManifest.xml:16:13-20:29
29                <action android:name="android.intent.action.MAIN" />
29-->src\main\AndroidManifest.xml:17:17-69
29-->src\main\AndroidManifest.xml:17:25-66
30
31                <category android:name="android.intent.category.LAUNCHER" />
31-->src\main\AndroidManifest.xml:19:17-77
31-->src\main\AndroidManifest.xml:19:27-74
32            </intent-filter>
33        </activity>
34    </application>
35
36</manifest>